0 verbose cli C:\Program Files\nodejs\node.exe C:\Program Files\nodejs\node_modules\npm\bin\npm-cli.js
1 info using npm@10.2.3
2 info using node@v20.10.0
3 timing npm:load:whichnode Completed in 4ms
4 timing config:load:defaults Completed in 8ms
5 timing config:load:file:C:\Program Files\nodejs\node_modules\npm\npmrc Completed in 3ms
6 timing config:load:builtin Completed in 3ms
7 timing config:load:cli Completed in 3ms
8 timing config:load:env Completed in 0ms
9 timing config:load:file:C:\E\Jindal\Projects\Connect4Easy\.npmrc Completed in 0ms
10 timing config:load:project Completed in 2ms
11 timing config:load:file:C:\Users\mistr\.npmrc Completed in 0ms
12 timing config:load:user Completed in 0ms
13 timing config:load:file:C:\Users\mistr\AppData\Roaming\npm\etc\npmrc Completed in 0ms
14 timing config:load:global Completed in 2ms
15 timing config:load:setEnvs Completed in 1ms
16 timing config:load Completed in 20ms
17 timing npm:load:configload Completed in 20ms
18 timing config:load:flatten Completed in 5ms
19 timing npm:load:mkdirpcache Completed in 0ms
20 timing npm:load:mkdirplogs Completed in 0ms
21 verbose title npm start
22 verbose argv "start"
23 timing npm:load:setTitle Completed in 1ms
24 timing npm:load:display Completed in 1ms
25 verbose logfile logs-max:10 dir:C:\E\Jindal\Projects\Connect4Easy\D\name-cache\AppData\Roaming\npm-cache\_logs\2024-02-03T06_11_29_777Z-
26 verbose logfile C:\E\Jindal\Projects\Connect4Easy\D\name-cache\AppData\Roaming\npm-cache\_logs\2024-02-03T06_11_29_777Z-debug-0.log
27 timing npm:load:logFile Completed in 16ms
28 timing npm:load:timers Completed in 0ms
29 timing npm:load:configScope Completed in 0ms
30 timing npm:load Completed in 88ms
31 timing command:run-script Completed in 331ms
32 timing command:start Completed in 359ms
33 verbose stack Error: Could not read package.json: Error: ENOENT: no such file or directory, open 'C:\E\Jindal\Projects\Connect4Easy\package.json'
34 verbose cwd C:\E\Jindal\Projects\Connect4Easy
35 verbose Windows_NT 10.0.22621
36 verbose node v20.10.0
37 verbose npm  v10.2.3
38 error code ENOENT
39 error syscall open
40 error path C:\E\Jindal\Projects\Connect4Easy\package.json
41 error errno -4058
42 error enoent Could not read package.json: Error: ENOENT: no such file or directory, open 'C:\E\Jindal\Projects\Connect4Easy\package.json'
43 error enoent This is related to npm not being able to find a file.
43 error enoent
44 verbose exit -4058
45 timing npm Completed in 585ms
46 verbose code -4058
47 error A complete log of this run can be found in: C:\E\Jindal\Projects\Connect4Easy\D\name-cache\AppData\Roaming\npm-cache\_logs\2024-02-03T06_11_29_777Z-debug-0.log
